No learnable transmission coefficients
Learnable transmission coefficient: Amplitude and Phase
Learnable transmission coefficient: Amplitude and Phase
Learnable transmission coefficient: Amplitude and Phase
Learnable transmission coefficient: Amplitude and Phase
Learnable transmission coefficient: Amplitude and Phase
Learnable transmission coefficient: Amplitude and Phase
Learnable transmission coefficient: Amplitude and Phase
Learnable transmission coefficient: Amplitude and Phase
exp results dir: ../results/Error Quantification Check2021-11-05 09:34:57.184600
/n/home12/ramith/FYP/QPM_ImagingD2NN_experiments/modules/eval_metrics.py:71: UserWarning: Error Quantification : gt values not in range [0,1] or pred values not in range [0,1]
  warnings.warn("Error Quantification : gt values not in range [0,1] or pred values not in range [0,1] ")
gt.max() =  tensor(0.9774, device='cuda:0')
gt.min() =  tensor(0.1000, device='cuda:0')
pred.max() =  tensor(1.0332, device='cuda:0')
pred.min() =  tensor(0.0070, device='cuda:0')
/n/home12/ramith/FYP/QPM_ImagingD2NN_experiments/modules/eval_metrics.py:71: UserWarning: Error Quantification : gt values not in range [0,1] or pred values not in range [0,1]
  warnings.warn("Error Quantification : gt values not in range [0,1] or pred values not in range [0,1] ")
gt.max() =  tensor(0.9774, device='cuda:0')
gt.min() =  tensor(0.1000, device='cuda:0')
pred.max() =  tensor(1.0566, device='cuda:0')
pred.min() =  tensor(0.0040, device='cuda:0')
/n/home12/ramith/FYP/QPM_ImagingD2NN_experiments/modules/eval_metrics.py:71: UserWarning: Error Quantification : gt values not in range [0,1] or pred values not in range [0,1]
  warnings.warn("Error Quantification : gt values not in range [0,1] or pred values not in range [0,1] ")
gt.max() =  tensor(0.9774, device='cuda:0')
gt.min() =  tensor(0.1000, device='cuda:0')
pred.max() =  tensor(1.1464, device='cuda:0')
pred.min() =  tensor(0.0040, device='cuda:0')
/n/home12/ramith/FYP/QPM_ImagingD2NN_experiments/modules/eval_metrics.py:71: UserWarning: Error Quantification : gt values not in range [0,1] or pred values not in range [0,1]
  warnings.warn("Error Quantification : gt values not in range [0,1] or pred values not in range [0,1] ")
gt.max() =  tensor(0.9774, device='cuda:0')
gt.min() =  tensor(0.1000, device='cuda:0')
pred.max() =  tensor(1.1365, device='cuda:0')
pred.min() =  tensor(0.0032, device='cuda:0')
/n/home12/ramith/FYP/QPM_ImagingD2NN_experiments/modules/eval_metrics.py:71: UserWarning: Error Quantification : gt values not in range [0,1] or pred values not in range [0,1]
  warnings.warn("Error Quantification : gt values not in range [0,1] or pred values not in range [0,1] ")
gt.max() =  tensor(0.9774, device='cuda:0')
gt.min() =  tensor(0.1000, device='cuda:0')
pred.max() =  tensor(1.1146, device='cuda:0')
pred.min() =  tensor(0.0061, device='cuda:0')
/n/home12/ramith/FYP/QPM_ImagingD2NN_experiments/modules/eval_metrics.py:71: UserWarning: Error Quantification : gt values not in range [0,1] or pred values not in range [0,1]
  warnings.warn("Error Quantification : gt values not in range [0,1] or pred values not in range [0,1] ")
gt.max() =  tensor(0.9774, device='cuda:0')
gt.min() =  tensor(0.1000, device='cuda:0')
pred.max() =  tensor(1.0847, device='cuda:0')
pred.min() =  tensor(0.0070, device='cuda:0')
/n/home12/ramith/FYP/QPM_ImagingD2NN_experiments/modules/eval_metrics.py:71: UserWarning: Error Quantification : gt values not in range [0,1] or pred values not in range [0,1]
  warnings.warn("Error Quantification : gt values not in range [0,1] or pred values not in range [0,1] ")
gt.max() =  tensor(0.9774, device='cuda:0')
gt.min() =  tensor(0.1000, device='cuda:0')
pred.max() =  tensor(1.1298, device='cuda:0')
pred.min() =  tensor(0.0050, device='cuda:0')
/n/home12/ramith/FYP/QPM_ImagingD2NN_experiments/modules/eval_metrics.py:71: UserWarning: Error Quantification : gt values not in range [0,1] or pred values not in range [0,1]
  warnings.warn("Error Quantification : gt values not in range [0,1] or pred values not in range [0,1] ")
gt.max() =  tensor(0.9774, device='cuda:0')
gt.min() =  tensor(0.1000, device='cuda:0')
pred.max() =  tensor(1.1047, device='cuda:0')
pred.min() =  tensor(0.0027, device='cuda:0')
/n/home12/ramith/FYP/QPM_ImagingD2NN_experiments/modules/eval_metrics.py:71: UserWarning: Error Quantification : gt values not in range [0,1] or pred values not in range [0,1]
  warnings.warn("Error Quantification : gt values not in range [0,1] or pred values not in range [0,1] ")
gt.max() =  tensor(0.9774, device='cuda:0')
gt.min() =  tensor(0.1000, device='cuda:0')
pred.max() =  tensor(1.0984, device='cuda:0')
pred.min() =  tensor(0.0028, device='cuda:0')
/n/home12/ramith/FYP/QPM_ImagingD2NN_experiments/modules/eval_metrics.py:71: UserWarning: Error Quantification : gt values not in range [0,1] or pred values not in range [0,1]
  warnings.warn("Error Quantification : gt values not in range [0,1] or pred values not in range [0,1] ")
gt.max() =  tensor(0.9774, device='cuda:0')
gt.min() =  tensor(0.1000, device='cuda:0')
pred.max() =  tensor(1.0482, device='cuda:0')
pred.min() =  tensor(0.0022, device='cuda:0')
/n/home12/ramith/FYP/QPM_ImagingD2NN_experiments/modules/eval_metrics.py:71: UserWarning: Error Quantification : gt values not in range [0,1] or pred values not in range [0,1]
  warnings.warn("Error Quantification : gt values not in range [0,1] or pred values not in range [0,1] ")
gt.max() =  tensor(0.9774, device='cuda:0')
gt.min() =  tensor(0.1000, device='cuda:0')
pred.max() =  tensor(1.1240, device='cuda:0')
pred.min() =  tensor(0.0051, device='cuda:0')
/n/home12/ramith/FYP/QPM_ImagingD2NN_experiments/modules/eval_metrics.py:71: UserWarning: Error Quantification : gt values not in range [0,1] or pred values not in range [0,1]
  warnings.warn("Error Quantification : gt values not in range [0,1] or pred values not in range [0,1] ")
gt.max() =  tensor(0.9774, device='cuda:0')
gt.min() =  tensor(0.1000, device='cuda:0')
pred.max() =  tensor(1.1388, device='cuda:0')
pred.min() =  tensor(0.0058, device='cuda:0')
gt.max() =  tensor(0.9774, device='cuda:0')
gt.min() =  tensor(0.1000, device='cuda:0')
pred.max() =  tensor(1.1249, device='cuda:0')
pred.min() =  tensor(0.0016, device='cuda:0')
/n/home12/ramith/FYP/QPM_ImagingD2NN_experiments/modules/eval_metrics.py:71: UserWarning: Error Quantification : gt values not in range [0,1] or pred values not in range [0,1]
  warnings.warn("Error Quantification : gt values not in range [0,1] or pred values not in range [0,1] ")
/n/home12/ramith/FYP/QPM_ImagingD2NN_experiments/modules/eval_metrics.py:71: UserWarning: Error Quantification : gt values not in range [0,1] or pred values not in range [0,1]
  warnings.warn("Error Quantification : gt values not in range [0,1] or pred values not in range [0,1] ")
gt.max() =  tensor(0.9774, device='cuda:0')
gt.min() =  tensor(0.1000, device='cuda:0')
pred.max() =  tensor(1.0932, device='cuda:0')
pred.min() =  tensor(0.0061, device='cuda:0')
/n/home12/ramith/FYP/QPM_ImagingD2NN_experiments/modules/eval_metrics.py:71: UserWarning: Error Quantification : gt values not in range [0,1] or pred values not in range [0,1]
  warnings.warn("Error Quantification : gt values not in range [0,1] or pred values not in range [0,1] ")
gt.max() =  tensor(0.9774, device='cuda:0')
gt.min() =  tensor(0.1000, device='cuda:0')
pred.max() =  tensor(1.0752, device='cuda:0')
pred.min() =  tensor(0.0066, device='cuda:0')
gt.max() =  tensor(0.9774, device='cuda:0')
gt.min() =  tensor(0.1000, device='cuda:0')
pred.max() =  tensor(1.1008, device='cuda:0')
pred.min() =  tensor(0.0036, device='cuda:0')
/n/home12/ramith/FYP/QPM_ImagingD2NN_experiments/modules/eval_metrics.py:71: UserWarning: Error Quantification : gt values not in range [0,1] or pred values not in range [0,1]
  warnings.warn("Error Quantification : gt values not in range [0,1] or pred values not in range [0,1] ")
gt.max() =  tensor(0.9774, device='cuda:0')
gt.min() =  tensor(0.1000, device='cuda:0')
pred.max() =  tensor(1.0587, device='cuda:0')
pred.min() =  tensor(0.0100, device='cuda:0')
/n/home12/ramith/FYP/QPM_ImagingD2NN_experiments/modules/eval_metrics.py:71: UserWarning: Error Quantification : gt values not in range [0,1] or pred values not in range [0,1]
  warnings.warn("Error Quantification : gt values not in range [0,1] or pred values not in range [0,1] ")
gt.max() =  tensor(0.9774, device='cuda:0')
gt.min() =  tensor(0.1000, device='cuda:0')
pred.max() =  tensor(1.0727, device='cuda:0')
pred.min() =  tensor(0.0041, device='cuda:0')
/n/home12/ramith/FYP/QPM_ImagingD2NN_experiments/modules/eval_metrics.py:71: UserWarning: Error Quantification : gt values not in range [0,1] or pred values not in range [0,1]
  warnings.warn("Error Quantification : gt values not in range [0,1] or pred values not in range [0,1] ")
gt.max() =  tensor(0.9774, device='cuda:0')
gt.min() =  tensor(0.1000, device='cuda:0')
pred.max() =  tensor(1.0400, device='cuda:0')
pred.min() =  tensor(0.0048, device='cuda:0')
/n/home12/ramith/FYP/QPM_ImagingD2NN_experiments/modules/eval_metrics.py:71: UserWarning: Error Quantification : gt values not in range [0,1] or pred values not in range [0,1]
  warnings.warn("Error Quantification : gt values not in range [0,1] or pred values not in range [0,1] ")
/n/home12/ramith/FYP/QPM_ImagingD2NN_experiments/modules/eval_metrics.py:71: UserWarning: Error Quantification : gt values not in range [0,1] or pred values not in range [0,1]
  warnings.warn("Error Quantification : gt values not in range [0,1] or pred values not in range [0,1] ")
gt.max() =  tensor(0.9774, device='cuda:0')
gt.min() =  tensor(0.1000, device='cuda:0')
pred.max() =  tensor(1.0946, device='cuda:0')
pred.min() =  tensor(0.0074, device='cuda:0')
/n/home12/ramith/FYP/QPM_ImagingD2NN_experiments/modules/eval_metrics.py:71: UserWarning: Error Quantification : gt values not in range [0,1] or pred values not in range [0,1]
  warnings.warn("Error Quantification : gt values not in range [0,1] or pred values not in range [0,1] ")
gt.max() =  tensor(0.9774, device='cuda:0')
gt.min() =  tensor(0.1000, device='cuda:0')
pred.max() =  tensor(1.0663, device='cuda:0')
pred.min() =  tensor(0.0015, device='cuda:0')
gt.max() =  tensor(0.9774, device='cuda:0')
gt.min() =  tensor(0.1000, device='cuda:0')
pred.max() =  tensor(1.0728, device='cuda:0')
pred.min() =  tensor(0.0070, device='cuda:0')
/n/home12/ramith/FYP/QPM_ImagingD2NN_experiments/modules/eval_metrics.py:71: UserWarning: Error Quantification : gt values not in range [0,1] or pred values not in range [0,1]
  warnings.warn("Error Quantification : gt values not in range [0,1] or pred values not in range [0,1] ")
/n/home12/ramith/FYP/QPM_ImagingD2NN_experiments/modules/eval_metrics.py:71: UserWarning: Error Quantification : gt values not in range [0,1] or pred values not in range [0,1]
  warnings.warn("Error Quantification : gt values not in range [0,1] or pred values not in range [0,1] ")
gt.max() =  tensor(0.9774, device='cuda:0')
gt.min() =  tensor(0.1000, device='cuda:0')
pred.max() =  tensor(1.0179, device='cuda:0')
pred.min() =  tensor(0.0072, device='cuda:0')
gt.max() =  tensor(0.9774, device='cuda:0')
gt.min() =  tensor(0.1000, device='cuda:0')
pred.max() =  tensor(1.0213, device='cuda:0')
pred.min() =  tensor(0.0019, device='cuda:0')
/n/home12/ramith/FYP/QPM_ImagingD2NN_experiments/modules/eval_metrics.py:71: UserWarning: Error Quantification : gt values not in range [0,1] or pred values not in range [0,1]
  warnings.warn("Error Quantification : gt values not in range [0,1] or pred values not in range [0,1] ")
gt.max() =  tensor(0.9774, device='cuda:0')
gt.min() =  tensor(0.1000, device='cuda:0')
pred.max() =  tensor(1.0202, device='cuda:0')
pred.min() =  tensor(0.0031, device='cuda:0')
/n/home12/ramith/FYP/QPM_ImagingD2NN_experiments/modules/eval_metrics.py:71: UserWarning: Error Quantification : gt values not in range [0,1] or pred values not in range [0,1]
  warnings.warn("Error Quantification : gt values not in range [0,1] or pred values not in range [0,1] ")
gt.max() =  tensor(0.9774, device='cuda:0')
gt.min() =  tensor(0.1000, device='cuda:0')
pred.max() =  tensor(1.0246, device='cuda:0')
pred.min() =  tensor(0.0022, device='cuda:0')
/n/home12/ramith/FYP/QPM_ImagingD2NN_experiments/modules/eval_metrics.py:71: UserWarning: Error Quantification : gt values not in range [0,1] or pred values not in range [0,1]
  warnings.warn("Error Quantification : gt values not in range [0,1] or pred values not in range [0,1] ")
gt.max() =  tensor(0.9774, device='cuda:0')
gt.min() =  tensor(0.1000, device='cuda:0')
pred.max() =  tensor(1.0617, device='cuda:0')
pred.min() =  tensor(0.0074, device='cuda:0')
/n/home12/ramith/FYP/QPM_ImagingD2NN_experiments/modules/eval_metrics.py:71: UserWarning: Error Quantification : gt values not in range [0,1] or pred values not in range [0,1]
  warnings.warn("Error Quantification : gt values not in range [0,1] or pred values not in range [0,1] ")
gt.max() =  tensor(0.9774, device='cuda:0')
gt.min() =  tensor(0.1000, device='cuda:0')
pred.max() =  tensor(1.0680, device='cuda:0')
pred.min() =  tensor(0.0059, device='cuda:0')
/n/home12/ramith/FYP/QPM_ImagingD2NN_experiments/modules/eval_metrics.py:71: UserWarning: Error Quantification : gt values not in range [0,1] or pred values not in range [0,1]
  warnings.warn("Error Quantification : gt values not in range [0,1] or pred values not in range [0,1] ")
gt.max() =  tensor(0.9774, device='cuda:0')
gt.min() =  tensor(0.1000, device='cuda:0')
pred.max() =  tensor(1.0653, device='cuda:0')
pred.min() =  tensor(0.0046, device='cuda:0')
/n/home12/ramith/FYP/QPM_ImagingD2NN_experiments/modules/eval_metrics.py:71: UserWarning: Error Quantification : gt values not in range [0,1] or pred values not in range [0,1]
  warnings.warn("Error Quantification : gt values not in range [0,1] or pred values not in range [0,1] ")
gt.max() =  tensor(0.9774, device='cuda:0')
gt.min() =  tensor(0.1000, device='cuda:0')
pred.max() =  tensor(1.0433, device='cuda:0')
pred.min() =  tensor(0.0024, device='cuda:0')
/n/home12/ramith/FYP/QPM_ImagingD2NN_experiments/modules/eval_metrics.py:71: UserWarning: Error Quantification : gt values not in range [0,1] or pred values not in range [0,1]
  warnings.warn("Error Quantification : gt values not in range [0,1] or pred values not in range [0,1] ")
gt.max() =  tensor(0.9774, device='cuda:0')
gt.min() =  tensor(0.1000, device='cuda:0')
pred.max() =  tensor(1.0569, device='cuda:0')
pred.min() =  tensor(0.0007, device='cuda:0')
/n/home12/ramith/FYP/QPM_ImagingD2NN_experiments/modules/eval_metrics.py:71: UserWarning: Error Quantification : gt values not in range [0,1] or pred values not in range [0,1]
  warnings.warn("Error Quantification : gt values not in range [0,1] or pred values not in range [0,1] ")
gt.max() =  tensor(0.9774, device='cuda:0')
gt.min() =  tensor(0.1000, device='cuda:0')
pred.max() =  tensor(1.0316, device='cuda:0')
pred.min() =  tensor(0.0032, device='cuda:0')
/n/home12/ramith/FYP/QPM_ImagingD2NN_experiments/modules/eval_metrics.py:71: UserWarning: Error Quantification : gt values not in range [0,1] or pred values not in range [0,1]
  warnings.warn("Error Quantification : gt values not in range [0,1] or pred values not in range [0,1] ")
gt.max() =  tensor(0.9774, device='cuda:0')
gt.min() =  tensor(0.1000, device='cuda:0')
pred.max() =  tensor(1.0639, device='cuda:0')
pred.min() =  tensor(0.0050, device='cuda:0')
/n/home12/ramith/FYP/QPM_ImagingD2NN_experiments/modules/eval_metrics.py:71: UserWarning: Error Quantification : gt values not in range [0,1] or pred values not in range [0,1]
  warnings.warn("Error Quantification : gt values not in range [0,1] or pred values not in range [0,1] ")
/n/home12/ramith/FYP/QPM_ImagingD2NN_experiments/modules/eval_metrics.py:71: UserWarning: Error Quantification : gt values not in range [0,1] or pred values not in range [0,1]
  warnings.warn("Error Quantification : gt values not in range [0,1] or pred values not in range [0,1] ")
gt.max() =  tensor(0.9774, device='cuda:0')
gt.min() =  tensor(0.1000, device='cuda:0')
pred.max() =  tensor(1.0553, device='cuda:0')
pred.min() =  tensor(0.0051, device='cuda:0')
gt.max() =  tensor(0.9774, device='cuda:0')
gt.min() =  tensor(0.1000, device='cuda:0')
pred.max() =  tensor(1.0668, device='cuda:0')
pred.min() =  tensor(0.0046, device='cuda:0')
/n/home12/ramith/FYP/QPM_ImagingD2NN_experiments/modules/eval_metrics.py:71: UserWarning: Error Quantification : gt values not in range [0,1] or pred values not in range [0,1]
  warnings.warn("Error Quantification : gt values not in range [0,1] or pred values not in range [0,1] ")
gt.max() =  tensor(0.9774, device='cuda:0')
gt.min() =  tensor(0.1000, device='cuda:0')
pred.max() =  tensor(1.0228, device='cuda:0')
pred.min() =  tensor(0.0107, device='cuda:0')
/n/home12/ramith/FYP/QPM_ImagingD2NN_experiments/modules/eval_metrics.py:71: UserWarning: Error Quantification : gt values not in range [0,1] or pred values not in range [0,1]
  warnings.warn("Error Quantification : gt values not in range [0,1] or pred values not in range [0,1] ")
gt.max() =  tensor(0.9774, device='cuda:0')
gt.min() =  tensor(0.1000, device='cuda:0')
pred.max() =  tensor(1.0689, device='cuda:0')
pred.min() =  tensor(0.0060, device='cuda:0')
/n/home12/ramith/FYP/QPM_ImagingD2NN_experiments/modules/eval_metrics.py:71: UserWarning: Error Quantification : gt values not in range [0,1] or pred values not in range [0,1]
  warnings.warn("Error Quantification : gt values not in range [0,1] or pred values not in range [0,1] ")
gt.max() =  tensor(0.9774, device='cuda:0')
gt.min() =  tensor(0.1000, device='cuda:0')
pred.max() =  tensor(1.0708, device='cuda:0')
pred.min() =  tensor(0.0036, device='cuda:0')
/n/home12/ramith/FYP/QPM_ImagingD2NN_experiments/modules/eval_metrics.py:71: UserWarning: Error Quantification : gt values not in range [0,1] or pred values not in range [0,1]
  warnings.warn("Error Quantification : gt values not in range [0,1] or pred values not in range [0,1] ")
/n/home12/ramith/FYP/QPM_ImagingD2NN_experiments/modules/eval_metrics.py:71: UserWarning: Error Quantification : gt values not in range [0,1] or pred values not in range [0,1]
  warnings.warn("Error Quantification : gt values not in range [0,1] or pred values not in range [0,1] ")
gt.max() =  tensor(0.9774, device='cuda:0')
gt.min() =  tensor(0.1000, device='cuda:0')
pred.max() =  tensor(1.0525, device='cuda:0')
pred.min() =  tensor(0.0032, device='cuda:0')
gt.max() =  tensor(0.9774, device='cuda:0')
gt.min() =  tensor(0.1000, device='cuda:0')
pred.max() =  tensor(1.1268, device='cuda:0')
pred.min() =  tensor(0.0076, device='cuda:0')
/n/home12/ramith/FYP/QPM_ImagingD2NN_experiments/modules/eval_metrics.py:71: UserWarning: Error Quantification : gt values not in range [0,1] or pred values not in range [0,1]
  warnings.warn("Error Quantification : gt values not in range [0,1] or pred values not in range [0,1] ")
gt.max() =  tensor(0.9774, device='cuda:0')
gt.min() =  tensor(0.1000, device='cuda:0')
pred.max() =  tensor(1.0549, device='cuda:0')
pred.min() =  tensor(0.0031, device='cuda:0')
/n/home12/ramith/FYP/QPM_ImagingD2NN_experiments/modules/eval_metrics.py:71: UserWarning: Error Quantification : gt values not in range [0,1] or pred values not in range [0,1]
  warnings.warn("Error Quantification : gt values not in range [0,1] or pred values not in range [0,1] ")
gt.max() =  tensor(0.9774, device='cuda:0')
gt.min() =  tensor(0.1000, device='cuda:0')
pred.max() =  tensor(1.0684, device='cuda:0')
pred.min() =  tensor(0.0085, device='cuda:0')
/n/home12/ramith/FYP/QPM_ImagingD2NN_experiments/modules/eval_metrics.py:71: UserWarning: Error Quantification : gt values not in range [0,1] or pred values not in range [0,1]
  warnings.warn("Error Quantification : gt values not in range [0,1] or pred values not in range [0,1] ")
gt.max() =  tensor(0.9774, device='cuda:0')
gt.min() =  tensor(0.1000, device='cuda:0')
pred.max() =  tensor(1.0573, device='cuda:0')
pred.min() =  tensor(0.0035, device='cuda:0')
/n/home12/ramith/FYP/QPM_ImagingD2NN_experiments/modules/eval_metrics.py:71: UserWarning: Error Quantification : gt values not in range [0,1] or pred values not in range [0,1]
  warnings.warn("Error Quantification : gt values not in range [0,1] or pred values not in range [0,1] ")
gt.max() =  tensor(0.9774, device='cuda:0')
gt.min() =  tensor(0.1000, device='cuda:0')
pred.max() =  tensor(1.0716, device='cuda:0')
pred.min() =  tensor(0.0056, device='cuda:0')
/n/home12/ramith/FYP/QPM_ImagingD2NN_experiments/modules/eval_metrics.py:71: UserWarning: Error Quantification : gt values not in range [0,1] or pred values not in range [0,1]
  warnings.warn("Error Quantification : gt values not in range [0,1] or pred values not in range [0,1] ")
gt.max() =  tensor(0.9774, device='cuda:0')
gt.min() =  tensor(0.1000, device='cuda:0')
pred.max() =  tensor(1.0851, device='cuda:0')
pred.min() =  tensor(0.0012, device='cuda:0')
/n/home12/ramith/FYP/QPM_ImagingD2NN_experiments/modules/eval_metrics.py:71: UserWarning: Error Quantification : gt values not in range [0,1] or pred values not in range [0,1]
  warnings.warn("Error Quantification : gt values not in range [0,1] or pred values not in range [0,1] ")